<?xml version="1.0" encoding="UTF-8"?>
<!-- Generated by org.testng.reporters.JUnitXMLReporter -->
<testsuite ignored="0" hostname="DESKTOP-CN7194J" failures="5" tests="5" name="Default test(failed)(failed)(failed)" time="63.216" errors="0" timestamp="2023-12-27T14:04:02 IST">
  <testcase classname="bstack.testCases.LoginTest_001" name="loginTest" time="10.701">
    <failure type="java.io.IOException" message="The filename, directory name, or volume label syntax is incorrect">
      <![CDATA[java.io.IOException: The filename, directory name, or volume label syntax is incorrect
at java.base/java.io.WinNTFileSystem.canonicalize0(Native Method)
at java.base/java.io.WinNTFileSystem.canonicalize(WinNTFileSystem.java:463)
at java.base/java.io.File.getCanonicalPath(File.java:626)
at org.apache.commons.io.FileUtils.requireCanonicalPathsNotEquals(FileUtils.java:2702)
at org.apache.commons.io.FileUtils.copyFile(FileUtils.java:801)
at org.apache.commons.io.FileUtils.copyFile(FileUtils.java:834)
at org.apache.commons.io.FileUtils.copyFile(FileUtils.java:742)
at bstack.testCases.BaseClass.takeSs(BaseClass.java:87)
at bstack.testCases.LoginTest_001.loginTest(LoginTest_001.java:32)
at java.base/java.util.ArrayList.forEach(ArrayList.java:1596)
... Removed 25 stack frames]]>
    </failure>
  </testcase> <!-- loginTest -->
  <testcase classname="bstack.testCases.LoginTest_001" name="loginTest" time="10.517">
    <failure type="java.io.IOException" message="The filename, directory name, or volume label syntax is incorrect">
      <![CDATA[java.io.IOException: The filename, directory name, or volume label syntax is incorrect
at java.base/java.io.WinNTFileSystem.canonicalize0(Native Method)
at java.base/java.io.WinNTFileSystem.canonicalize(WinNTFileSystem.java:463)
at java.base/java.io.File.getCanonicalPath(File.java:626)
at org.apache.commons.io.FileUtils.requireCanonicalPathsNotEquals(FileUtils.java:2702)
at org.apache.commons.io.FileUtils.copyFile(FileUtils.java:801)
at org.apache.commons.io.FileUtils.copyFile(FileUtils.java:834)
at org.apache.commons.io.FileUtils.copyFile(FileUtils.java:742)
at bstack.testCases.BaseClass.takeSs(BaseClass.java:87)
at bstack.testCases.LoginTest_001.loginTest(LoginTest_001.java:32)
at java.base/java.util.ArrayList.forEach(ArrayList.java:1596)
... Removed 25 stack frames]]>
    </failure>
  </testcase> <!-- loginTest -->
  <testcase classname="bstack.testCases.LoginTest_001" name="loginTest" time="10.575">
    <failure type="java.io.IOException" message="The filename, directory name, or volume label syntax is incorrect">
      <![CDATA[java.io.IOException: The filename, directory name, or volume label syntax is incorrect
at java.base/java.io.WinNTFileSystem.canonicalize0(Native Method)
at java.base/java.io.WinNTFileSystem.canonicalize(WinNTFileSystem.java:463)
at java.base/java.io.File.getCanonicalPath(File.java:626)
at org.apache.commons.io.FileUtils.requireCanonicalPathsNotEquals(FileUtils.java:2702)
at org.apache.commons.io.FileUtils.copyFile(FileUtils.java:801)
at org.apache.commons.io.FileUtils.copyFile(FileUtils.java:834)
at org.apache.commons.io.FileUtils.copyFile(FileUtils.java:742)
at bstack.testCases.BaseClass.takeSs(BaseClass.java:87)
at bstack.testCases.LoginTest_001.loginTest(LoginTest_001.java:32)
at java.base/java.util.ArrayList.forEach(ArrayList.java:1596)
... Removed 25 stack frames]]>
    </failure>
  </testcase> <!-- loginTest -->
  <testcase classname="bstack.testCases.LoginTest_001" name="loginTest" time="10.508">
    <failure type="java.io.IOException" message="The filename, directory name, or volume label syntax is incorrect">
      <![CDATA[java.io.IOException: The filename, directory name, or volume label syntax is incorrect
at java.base/java.io.WinNTFileSystem.canonicalize0(Native Method)
at java.base/java.io.WinNTFileSystem.canonicalize(WinNTFileSystem.java:463)
at java.base/java.io.File.getCanonicalPath(File.java:626)
at org.apache.commons.io.FileUtils.requireCanonicalPathsNotEquals(FileUtils.java:2702)
at org.apache.commons.io.FileUtils.copyFile(FileUtils.java:801)
at org.apache.commons.io.FileUtils.copyFile(FileUtils.java:834)
at org.apache.commons.io.FileUtils.copyFile(FileUtils.java:742)
at bstack.testCases.BaseClass.takeSs(BaseClass.java:87)
at bstack.testCases.LoginTest_001.loginTest(LoginTest_001.java:32)
at java.base/java.util.ArrayList.forEach(ArrayList.java:1596)
... Removed 25 stack frames]]>
    </failure>
  </testcase> <!-- loginTest -->
  <testcase classname="bstack.testCases.LoginTest_001" name="loginTest" time="10.536">
    <failure type="java.io.IOException" message="The filename, directory name, or volume label syntax is incorrect">
      <![CDATA[java.io.IOException: The filename, directory name, or volume label syntax is incorrect
at java.base/java.io.WinNTFileSystem.canonicalize0(Native Method)
at java.base/java.io.WinNTFileSystem.canonicalize(WinNTFileSystem.java:463)
at java.base/java.io.File.getCanonicalPath(File.java:626)
at org.apache.commons.io.FileUtils.requireCanonicalPathsNotEquals(FileUtils.java:2702)
at org.apache.commons.io.FileUtils.copyFile(FileUtils.java:801)
at org.apache.commons.io.FileUtils.copyFile(FileUtils.java:834)
at org.apache.commons.io.FileUtils.copyFile(FileUtils.java:742)
at bstack.testCases.BaseClass.takeSs(BaseClass.java:87)
at bstack.testCases.LoginTest_001.loginTest(LoginTest_001.java:32)
at java.base/java.util.ArrayList.forEach(ArrayList.java:1596)
... Removed 25 stack frames]]>
    </failure>
  </testcase> <!-- loginTest -->
</testsuite> <!-- Default test(failed)(failed)(failed) -->
