<?xml version="1.0" encoding="UTF-8"?>
<!-- Generated by org.testng.reporters.JUnitXMLReporter -->
<testsuite ignored="0" hostname="DESKTOP-CN7194J" failures="5" tests="5" name="Default test(failed)(failed)(failed)(failed)(failed)" time="62.479" errors="0" timestamp="2023-12-27T13:29:53 IST">
  <testcase classname="bstack.testCases.LoginTest_001" name="loginTest" time="12.859">
    <failure type="java.lang.AssertionError" message="expected [true] but found [false]">
      <![CDATA[java.lang.AssertionError: expected [true] but found [false]
at bstack.testCases.LoginTest_001.loginTest(LoginTest_001.java:34)
at java.base/java.util.ArrayList.forEach(ArrayList.java:1596)
... Removed 29 stack frames]]>
    </failure>
  </testcase> <!-- loginTest -->
  <testcase classname="bstack.testCases.LoginTest_001" name="loginTest" time="10.501">
    <failure type="java.lang.AssertionError" message="expected [true] but found [false]">
      <![CDATA[java.lang.AssertionError: expected [true] but found [false]
at bstack.testCases.LoginTest_001.loginTest(LoginTest_001.java:34)
at java.base/java.util.ArrayList.forEach(ArrayList.java:1596)
... Removed 29 stack frames]]>
    </failure>
  </testcase> <!-- loginTest -->
  <testcase classname="bstack.testCases.LoginTest_001" name="loginTest" time="10.548">
    <failure type="java.lang.AssertionError" message="expected [true] but found [false]">
      <![CDATA[java.lang.AssertionError: expected [true] but found [false]
at bstack.testCases.LoginTest_001.loginTest(LoginTest_001.java:34)
at java.base/java.util.ArrayList.forEach(ArrayList.java:1596)
... Removed 29 stack frames]]>
    </failure>
  </testcase> <!-- loginTest -->
  <testcase classname="bstack.testCases.LoginTest_001" name="loginTest" time="10.583">
    <failure type="java.lang.AssertionError" message="expected [true] but found [false]">
      <![CDATA[java.lang.AssertionError: expected [true] but found [false]
at bstack.testCases.LoginTest_001.loginTest(LoginTest_001.java:34)
at java.base/java.util.ArrayList.forEach(ArrayList.java:1596)
... Removed 29 stack frames]]>
    </failure>
  </testcase> <!-- loginTest -->
  <testcase classname="bstack.testCases.LoginTest_001" name="loginTest" time="10.533">
    <failure type="java.lang.AssertionError" message="expected [true] but found [false]">
      <![CDATA[java.lang.AssertionError: expected [true] but found [false]
at bstack.testCases.LoginTest_001.loginTest(LoginTest_001.java:34)
at java.base/java.util.ArrayList.forEach(ArrayList.java:1596)
... Removed 29 stack frames]]>
    </failure>
  </testcase> <!-- loginTest -->
</testsuite> <!-- Default test(failed)(failed)(failed)(failed)(failed) -->
